<?xml version="1.0" encoding="UTF-8"?>
<!-- Generated by org.testng.reporters.JUnitXMLReporter -->
<testsuite hostname="admin-PC" ignored="0" name="Default test" tests="2" failures="0" timestamp="02 Jun 2021 16:37:13 GMT" time="21.131" errors="0">
  <testcase name="@BeforeMethod setup" time="19.884" classname="com.crm.testcases.HomePageTest">
    <failure type="org.openqa.selenium.SessionNotCreatedException" message="session not created: This version of ChromeDriver only supports Chrome version 88
Current browser version is 91.0.4472.77 with binary path C:\Program Files (x86)\Google\Chrome\Application\chrome.exe
Build info: version: &amp;apos;3.141.59&amp;apos;, revision: &amp;apos;e82be7d358&amp;apos;, time: &amp;apos;2018-11-14T08:17:03&amp;apos;
System info: host: &amp;apos;ADMIN-PC&amp;apos;, ip: &amp;apos;192.168.0.106&amp;apos;, os.name: &amp;apos;Windows 7&amp;apos;, os.arch: &amp;apos;amd64&amp;apos;, os.version: &amp;apos;6.1&amp;apos;, java.version: &amp;apos;1.8.0_231&amp;apos;
Driver info: driver.version: ChromeDriver
remote stacktrace: Backtrace:
	GetHandleVerifier [0x0124B963+483]
	GetHandleVerifier [0x0124B941+449]
	GetHandleVerifier [0x015F3308+3832712]
	GetHandleVerifier [0x0160D69A+3940122]
	GetHandleVerifier [0x01609AFB+3924859]
	GetHandleVerifier [0x01607D9C+3917340]
	GetHandleVerifier [0x0162E7FE+4075646]
	GetHandleVerifier [0x0162E56C+4074988]
	GetHandleVerifier [0x0162B2EB+4062059]
	GetHandleVerifier [0x0160ED14+3945876]
	GetHandleVerifier [0x0160FBCE+3949646]
	GetHandleVerifier [0x0160FB59+3949529]
	Ordinal0 [0x0120B5CC+46540]
	Ordinal0 [0x01209F53+40787]
	Ordinal0 [0x01209B12+39698]
	GetHandleVerifier [0x01511468+2907368]
	GetHandleVerifier [0x013571EE+1096302]
	GetHandleVerifier [0x01313E8D+821005]
	GetHandleVerifier [0x0131396B+819691]
	GetHandleVerifier [0x01313881+819457]
	GetHandleVerifier [0x0133F463+998627]
	BaseThreadInitThunk [0x761A336A+18]
	RtlInitializeExceptionChain [0x779A92B2+99]
	RtlInitializeExceptionChain [0x779A9285+54]
">
      <![CDATA[org.openqa.selenium.SessionNotCreatedException: session not created: This version of ChromeDriver only supports Chrome version 88
Current browser version is 91.0.4472.77 with binary path C:\Program Files (x86)\Google\Chrome\Application\chrome.exe
Build info: version: '3.141.59', revision: 'e82be7d358', time: '2018-11-14T08:17:03'
System info: host: 'ADMIN-PC', ip: '192.168.0.106', os.name: 'Windows 7', os.arch: 'amd64', os.version: '6.1', java.version: '1.8.0_231'
Driver info: driver.version: ChromeDriver
remote stacktrace: Backtrace:
GetHandleVerifier [0x0124B963+483]
GetHandleVerifier [0x0124B941+449]
GetHandleVerifier [0x015F3308+3832712]
GetHandleVerifier [0x0160D69A+3940122]
GetHandleVerifier [0x01609AFB+3924859]
GetHandleVerifier [0x01607D9C+3917340]
GetHandleVerifier [0x0162E7FE+4075646]
GetHandleVerifier [0x0162E56C+4074988]
GetHandleVerifier [0x0162B2EB+4062059]
GetHandleVerifier [0x0160ED14+3945876]
GetHandleVerifier [0x0160FBCE+3949646]
GetHandleVerifier [0x0160FB59+3949529]
Ordinal0 [0x0120B5CC+46540]
Ordinal0 [0x01209F53+40787]
Ordinal0 [0x01209B12+39698]
GetHandleVerifier [0x01511468+2907368]
GetHandleVerifier [0x013571EE+1096302]
GetHandleVerifier [0x01313E8D+821005]
GetHandleVerifier [0x0131396B+819691]
GetHandleVerifier [0x01313881+819457]
GetHandleVerifier [0x0133F463+998627]
BaseThreadInitThunk [0x761A336A+18]
RtlInitializeExceptionChain [0x779A92B2+99]
RtlInitializeExceptionChain [0x779A9285+54]

at sun.reflect.NativeConstructorAccessorImpl.newInstance0(Native Method)
at sun.reflect.NativeConstructorAccessorImpl.newInstance(Unknown Source)
at sun.reflect.DelegatingConstructorAccessorImpl.newInstance(Unknown Source)
at java.lang.reflect.Constructor.newInstance(Unknown Source)
at org.openqa.selenium.remote.W3CHandshakeResponse.lambda$errorHandler$0(W3CHandshakeResponse.java:62)
at org.openqa.selenium.remote.HandshakeResponse.lambda$getResponseFunction$0(HandshakeResponse.java:30)
at org.openqa.selenium.remote.ProtocolHandshake.lambda$createSession$0(ProtocolHandshake.java:126)
at java.util.stream.ReferencePipeline$3$1.accept(Unknown Source)
at java.util.Spliterators$ArraySpliterator.tryAdvance(Unknown Source)
at java.util.stream.ReferencePipeline.forEachWithCancel(Unknown Source)
at java.util.stream.AbstractPipeline.copyIntoWithCancel(Unknown Source)
at java.util.stream.AbstractPipeline.copyInto(Unknown Source)
at java.util.stream.AbstractPipeline.wrapAndCopyInto(Unknown Source)
at java.util.stream.FindOps$FindOp.evaluateSequential(Unknown Source)
at java.util.stream.AbstractPipeline.evaluate(Unknown Source)
at java.util.stream.ReferencePipeline.findFirst(Unknown Source)
at org.openqa.selenium.remote.ProtocolHandshake.createSession(ProtocolHandshake.java:128)
at org.openqa.selenium.remote.ProtocolHandshake.createSession(ProtocolHandshake.java:74)
at org.openqa.selenium.remote.HttpCommandExecutor.execute(HttpCommandExecutor.java:136)
at org.openqa.selenium.remote.service.DriverCommandExecutor.execute(DriverCommandExecutor.java:83)
at org.openqa.selenium.remote.RemoteWebDriver.execute(RemoteWebDriver.java:552)
at org.openqa.selenium.remote.RemoteWebDriver.startSession(RemoteWebDriver.java:213)
at org.openqa.selenium.remote.RemoteWebDriver.<init>(RemoteWebDriver.java:131)
at org.openqa.selenium.chrome.ChromeDriver.<init>(ChromeDriver.java:181)
at org.openqa.selenium.chrome.ChromeDriver.<init>(ChromeDriver.java:168)
at org.openqa.selenium.chrome.ChromeDriver.<init>(ChromeDriver.java:123)
at com.crm.base.Baseclass.launchApp(Baseclass.java:58)
at com.crm.testcases.HomePageTest.setup(HomePageTest.java:78)
at sun.reflect.NativeMethodAccessorImpl.invoke0(Native Method)
at sun.reflect.NativeMethodAccessorImpl.invoke(Unknown Source)
at sun.reflect.DelegatingMethodAccessorImpl.invoke(Unknown Source)
at java.lang.reflect.Method.invoke(Unknown Source)
at org.testng.internal.MethodInvocationHelper.invokeMethod(MethodInvocationHelper.java:124)
at org.testng.internal.MethodInvocationHelper.invokeMethodConsideringTimeout(MethodInvocationHelper.java:59)
at org.testng.internal.Invoker.invokeConfigurationMethod(Invoker.java:458)
at org.testng.internal.Invoker.invokeConfigurations(Invoker.java:222)
at org.testng.internal.Invoker.invokeMethod(Invoker.java:523)
at org.testng.internal.Invoker.invokeTestMethod(Invoker.java:719)
at org.testng.internal.Invoker.invokeTestMethods(Invoker.java:989)
at org.testng.internal.TestMethodWorker.invokeTestMethods(TestMethodWorker.java:125)
at org.testng.internal.TestMethodWorker.run(TestMethodWorker.java:109)
at org.testng.TestRunner.privateRun(TestRunner.java:648)
at org.testng.TestRunner.run(TestRunner.java:505)
at org.testng.SuiteRunner.runTest(SuiteRunner.java:455)
at org.testng.SuiteRunner.runSequentially(SuiteRunner.java:450)
at org.testng.SuiteRunner.privateRun(SuiteRunner.java:415)
at org.testng.SuiteRunner.run(SuiteRunner.java:364)
at org.testng.SuiteRunnerWorker.runSuite(SuiteRunnerWorker.java:52)
at org.testng.SuiteRunnerWorker.run(SuiteRunnerWorker.java:84)
at org.testng.TestNG.runSuitesSequentially(TestNG.java:1208)
at org.testng.TestNG.runSuitesLocally(TestNG.java:1137)
at org.testng.TestNG.runSuites(TestNG.java:1049)
at org.testng.TestNG.run(TestNG.java:1017)
at org.testng.remote.AbstractRemoteTestNG.run(AbstractRemoteTestNG.java:115)
at org.testng.remote.RemoteTestNG.initAndRun(RemoteTestNG.java:251)
at org.testng.remote.RemoteTestNG.main(RemoteTestNG.java:77)
]]>
    </failure>
  </testcase> <!-- @BeforeMethod setup -->
  <testcase name="@AfterMethod getResult" time="0.0" classname="com.crm.testcases.HomePageTest">
    <skipped/>
  </testcase> <!-- @AfterMethod getResult -->
  <testcase name="@BeforeMethod setup" time="0.0" classname="com.crm.testcases.HomePageTest">
    <skipped/>
  </testcase> <!-- @BeforeMethod setup -->
  <testcase name="@AfterMethod getResult" time="0.0" classname="com.crm.testcases.HomePageTest">
    <skipped/>
  </testcase> <!-- @AfterMethod getResult -->
  <testcase name="@AfterTest tearDownReport" time="0.0" classname="com.crm.testcases.HomePageTest">
    <skipped/>
  </testcase> <!-- @AfterTest tearDownReport -->
  <testcase name="verifyHomePageTitleTest" time="0.0" classname="com.crm.testcases.HomePageTest">
    <skipped/>
  </testcase> <!-- verifyHomePageTitleTest -->
  <testcase name="verifyHomepageUserTest" time="0.0" classname="com.crm.testcases.HomePageTest">
    <skipped/>
  </testcase> <!-- verifyHomepageUserTest -->
</testsuite> <!-- Default test -->
